Generated at 2019-08-06 04:06:57 +0000
Mixlib::ShellOut::ShellCommandFailed: execute[join_cluster] (chef-server::join_cluster line 22) had an error: Mixlib::ShellOut::ShellCommandFailed: Expected process to exit with [0], but received '1'
---- Begin output of chef-backend-ctl join-cluster  --accept-license -s chef-backend-secrets.json -y --quiet ----
STDOUT: 
STDERR: IP address for existing cluster member needed.
---- End output of chef-backend-ctl join-cluster  --accept-license -s chef-backend-secrets.json -y --quiet ----
Ran chef-backend-ctl join-cluster  --accept-license -s chef-backend-secrets.json -y --quiet returned 1
/opt/chef/embedded/lib/ruby/gems/2.5.0/gems/mixlib-shellout-2.4.4/lib/mixlib/shellout.rb:297:in `invalid!'
/opt/chef/embedded/lib/ruby/gems/2.5.0/gems/mixlib-shellout-2.4.4/lib/mixlib/shellout.rb:284:in `error!'
/opt/chef/embedded/lib/ruby/gems/2.5.0/gems/chef-14.12.9/lib/chef/mixin/shell_out.rb:202:in `shell_out_compacted!'
/opt/chef/embedded/lib/ruby/gems/2.5.0/gems/chef-14.12.9/lib/chef/mixin/shell_out.rb:124:in `shell_out!'
/opt/chef/embedded/lib/ruby/gems/2.5.0/gems/chef-14.12.9/lib/chef/provider/execute.rb:58:in `block in action_run'
/opt/chef/embedded/lib/ruby/gems/2.5.0/gems/chef-14.12.9/lib/chef/mixin/why_run.rb:51:in `add_action'
/opt/chef/embedded/lib/ruby/gems/2.5.0/gems/chef-14.12.9/lib/chef/provider.rb:227:in `converge_by'
/opt/chef/embedded/lib/ruby/gems/2.5.0/gems/chef-14.12.9/lib/chef/provider/execute.rb:56:in `action_run'
/opt/chef/embedded/lib/ruby/gems/2.5.0/gems/chef-14.12.9/lib/chef/provider.rb:182:in `run_action'
/opt/chef/embedded/lib/ruby/gems/2.5.0/gems/chef-14.12.9/lib/chef/resource.rb:578:in `run_action'
/opt/chef/embedded/lib/ruby/gems/2.5.0/gems/chef-14.12.9/lib/chef/runner.rb:70:in `run_action'
/opt/chef/embedded/lib/ruby/gems/2.5.0/gems/chef-14.12.9/lib/chef/runner.rb:98:in `block (2 levels) in converge'
/opt/chef/embedded/lib/ruby/gems/2.5.0/gems/chef-14.12.9/lib/chef/runner.rb:98:in `each'
/opt/chef/embedded/lib/ruby/gems/2.5.0/gems/chef-14.12.9/lib/chef/runner.rb:98:in `block in converge'
/opt/chef/embedded/lib/ruby/gems/2.5.0/gems/chef-14.12.9/lib/chef/resource_collection/resource_list.rb:94:in `block in execute_each_resource'
/opt/chef/embedded/lib/ruby/gems/2.5.0/gems/chef-14.12.9/lib/chef/resource_collection/stepable_iterator.rb:114:in `call_iterator_block'
/opt/chef/embedded/lib/ruby/gems/2.5.0/gems/chef-14.12.9/lib/chef/resource_collection/stepable_iterator.rb:85:in `step'
/opt/chef/embedded/lib/ruby/gems/2.5.0/gems/chef-14.12.9/lib/chef/resource_collection/stepable_iterator.rb:103:in `iterate'
/opt/chef/embedded/lib/ruby/gems/2.5.0/gems/chef-14.12.9/lib/chef/resource_collection/stepable_iterator.rb:55:in `each_with_index'
/opt/chef/embedded/lib/ruby/gems/2.5.0/gems/chef-14.12.9/lib/chef/resource_collection/resource_list.rb:92:in `execute_each_resource'
/opt/chef/embedded/lib/ruby/gems/2.5.0/gems/chef-14.12.9/lib/chef/runner.rb:97:in `converge'
/opt/chef/embedded/lib/ruby/gems/2.5.0/gems/chef-14.12.9/lib/chef/client.rb:720:in `block in converge'
/opt/chef/embedded/lib/ruby/gems/2.5.0/gems/chef-14.12.9/lib/chef/client.rb:715:in `catch'
/opt/chef/embedded/lib/ruby/gems/2.5.0/gems/chef-14.12.9/lib/chef/client.rb:715:in `converge'
/opt/chef/embedded/lib/ruby/gems/2.5.0/gems/chef-14.12.9/lib/chef/client.rb:754:in `converge_and_save'
/opt/chef/embedded/lib/ruby/gems/2.5.0/gems/chef-14.12.9/lib/chef/client.rb:286:in `run'
/opt/chef/embedded/lib/ruby/gems/2.5.0/gems/chef-14.12.9/lib/chef/application.rb:303:in `run_with_graceful_exit_option'
/opt/chef/embedded/lib/ruby/gems/2.5.0/gems/chef-14.12.9/lib/chef/application.rb:279:in `block in run_chef_client'
/opt/chef/embedded/lib/ruby/gems/2.5.0/gems/chef-14.12.9/lib/chef/local_mode.rb:44:in `with_server_connectivity'
/opt/chef/embedded/lib/ruby/gems/2.5.0/gems/chef-14.12.9/lib/chef/application.rb:261:in `run_chef_client'
/opt/chef/embedded/lib/ruby/gems/2.5.0/gems/chef-14.12.9/lib/chef/application/client.rb:449:in `run_application'
/opt/chef/embedded/lib/ruby/gems/2.5.0/gems/chef-14.12.9/lib/chef/application.rb:66:in `run'
/opt/chef/embedded/lib/ruby/gems/2.5.0/gems/chef-14.12.9/lib/chef/application/solo.rb:230:in `run'
/opt/chef/embedded/lib/ruby/gems/2.5.0/gems/chef-14.12.9/bin/chef-solo:24:in `<top (required)>'
/usr/bin/chef-solo:75:in `load'
/usr/bin/chef-solo:75:in `<main>'

>>>> Caused by Mixlib::ShellOut::ShellCommandFailed: Expected process to exit with [0], but received '1'
---- Begin output of chef-backend-ctl join-cluster  --accept-license -s chef-backend-secrets.json -y --quiet ----
STDOUT: 
STDERR: IP address for existing cluster member needed.
---- End output of chef-backend-ctl join-cluster  --accept-license -s chef-backend-secrets.json -y --quiet ----
Ran chef-backend-ctl join-cluster  --accept-license -s chef-backend-secrets.json -y --quiet returned 1
/opt/chef/embedded/lib/ruby/gems/2.5.0/gems/mixlib-shellout-2.4.4/lib/mixlib/shellout.rb:297:in `invalid!'
/opt/chef/embedded/lib/ruby/gems/2.5.0/gems/mixlib-shellout-2.4.4/lib/mixlib/shellout.rb:284:in `error!'
/opt/chef/embedded/lib/ruby/gems/2.5.0/gems/chef-14.12.9/lib/chef/mixin/shell_out.rb:202:in `shell_out_compacted!'
/opt/chef/embedded/lib/ruby/gems/2.5.0/gems/chef-14.12.9/lib/chef/mixin/shell_out.rb:124:in `shell_out!'
/opt/chef/embedded/lib/ruby/gems/2.5.0/gems/chef-14.12.9/lib/chef/provider/execute.rb:58:in `block in action_run'
/opt/chef/embedded/lib/ruby/gems/2.5.0/gems/chef-14.12.9/lib/chef/mixin/why_run.rb:51:in `add_action'
/opt/chef/embedded/lib/ruby/gems/2.5.0/gems/chef-14.12.9/lib/chef/provider.rb:227:in `converge_by'
/opt/chef/embedded/lib/ruby/gems/2.5.0/gems/chef-14.12.9/lib/chef/provider/execute.rb:56:in `action_run'
/opt/chef/embedded/lib/ruby/gems/2.5.0/gems/chef-14.12.9/lib/chef/provider.rb:182:in `run_action'
/opt/chef/embedded/lib/ruby/gems/2.5.0/gems/chef-14.12.9/lib/chef/resource.rb:578:in `run_action'
/opt/chef/embedded/lib/ruby/gems/2.5.0/gems/chef-14.12.9/lib/chef/runner.rb:70:in `run_action'
/opt/chef/embedded/lib/ruby/gems/2.5.0/gems/chef-14.12.9/lib/chef/runner.rb:98:in `block (2 levels) in converge'
/opt/chef/embedded/lib/ruby/gems/2.5.0/gems/chef-14.12.9/lib/chef/runner.rb:98:in `each'
/opt/chef/embedded/lib/ruby/gems/2.5.0/gems/chef-14.12.9/lib/chef/runner.rb:98:in `block in converge'
/opt/chef/embedded/lib/ruby/gems/2.5.0/gems/chef-14.12.9/lib/chef/resource_collection/resource_list.rb:94:in `block in execute_each_resource'
/opt/chef/embedded/lib/ruby/gems/2.5.0/gems/chef-14.12.9/lib/chef/resource_collection/stepable_iterator.rb:114:in `call_iterator_block'
/opt/chef/embedded/lib/ruby/gems/2.5.0/gems/chef-14.12.9/lib/chef/resource_collection/stepable_iterator.rb:85:in `step'
/opt/chef/embedded/lib/ruby/gems/2.5.0/gems/chef-14.12.9/lib/chef/resource_collection/stepable_iterator.rb:103:in `iterate'
/opt/chef/embedded/lib/ruby/gems/2.5.0/gems/chef-14.12.9/lib/chef/resource_collection/stepable_iterator.rb:55:in `each_with_index'
/opt/chef/embedded/lib/ruby/gems/2.5.0/gems/chef-14.12.9/lib/chef/resource_collection/resource_list.rb:92:in `execute_each_resource'
/opt/chef/embedded/lib/ruby/gems/2.5.0/gems/chef-14.12.9/lib/chef/runner.rb:97:in `converge'
/opt/chef/embedded/lib/ruby/gems/2.5.0/gems/chef-14.12.9/lib/chef/client.rb:720:in `block in converge'
/opt/chef/embedded/lib/ruby/gems/2.5.0/gems/chef-14.12.9/lib/chef/client.rb:715:in `catch'
/opt/chef/embedded/lib/ruby/gems/2.5.0/gems/chef-14.12.9/lib/chef/client.rb:715:in `converge'
/opt/chef/embedded/lib/ruby/gems/2.5.0/gems/chef-14.12.9/lib/chef/client.rb:754:in `converge_and_save'
/opt/chef/embedded/lib/ruby/gems/2.5.0/gems/chef-14.12.9/lib/chef/client.rb:286:in `run'
/opt/chef/embedded/lib/ruby/gems/2.5.0/gems/chef-14.12.9/lib/chef/application.rb:303:in `run_with_graceful_exit_option'
/opt/chef/embedded/lib/ruby/gems/2.5.0/gems/chef-14.12.9/lib/chef/application.rb:279:in `block in run_chef_client'
/opt/chef/embedded/lib/ruby/gems/2.5.0/gems/chef-14.12.9/lib/chef/local_mode.rb:44:in `with_server_connectivity'
/opt/chef/embedded/lib/ruby/gems/2.5.0/gems/chef-14.12.9/lib/chef/application.rb:261:in `run_chef_client'
/opt/chef/embedded/lib/ruby/gems/2.5.0/gems/chef-14.12.9/lib/chef/application/client.rb:449:in `run_application'
/opt/chef/embedded/lib/ruby/gems/2.5.0/gems/chef-14.12.9/lib/chef/application.rb:66:in `run'
/opt/chef/embedded/lib/ruby/gems/2.5.0/gems/chef-14.12.9/lib/chef/application/solo.rb:230:in `run'
/opt/chef/embedded/lib/ruby/gems/2.5.0/gems/chef-14.12.9/bin/chef-solo:24:in `<top (required)>'
/usr/bin/chef-solo:75:in `load'
/usr/bin/chef-solo:75:in `<main>'